<?xml version="1.0" encoding="UTF-8"?>
<testsuite name="VehicleResourceIntegrationTest" tests="1" skipped="0" failures="1" errors="0" timestamp="2021-11-08T11:56:53" hostname="Fretron-3420-1" time="0.907">
  <properties/>
  <testcase name="getVehicles_whenCorrectRequest_thenResponseIsOkAndContentIsVehicles" classname="VehicleResourceIntegrationTest" time="0.907">
    <failure message="java.lang.AssertionError: Response Status Code should be 200  expected:&lt;200&gt; but was:&lt;500&gt;" type="java.lang.AssertionError">java.lang.AssertionError: Response Status Code should be 200  expected:&lt;200&gt; but was:&lt;500&gt;
	at org.junit.Assert.fail(Assert.java:88)
	at org.junit.Assert.failNotEquals(Assert.java:834)
	at org.junit.Assert.assertEquals(Assert.java:118)
	at VehicleResourceIntegrationTest.getVehicles_whenCorrectRequest_thenResponseIsOkAndContentIsVehicles(VehicleResourceIntegrationTest.kt:40)
	at sun.reflect.NativeMethodAccessorImpl.invoke0(Native Method)
	at sun.reflect.NativeMethodAccessorImpl.invoke(NativeMethodAccessorImpl.java:62)
	at sun.reflect.DelegatingMethodAccessorImpl.invoke(DelegatingMethodAccessorImpl.java:43)
	at java.lang.reflect.Method.invoke(Method.java:498)
	at org.junit.runners.model.FrameworkMethod$1.runReflectiveCall(FrameworkMethod.java:50)
	at org.junit.internal.runners.model.ReflectiveCallable.run(ReflectiveCallable.java:12)
	at org.junit.runners.model.FrameworkMethod.invokeExplosively(FrameworkMethod.java:47)
	at org.junit.internal.runners.statements.InvokeMethod.evaluate(InvokeMethod.java:17)
	at org.junit.internal.runners.statements.RunBefores.evaluate(RunBefores.java:26)
	at org.junit.internal.runners.statements.RunAfters.evaluate(RunAfters.java:27)
	at org.junit.runners.ParentRunner.runLeaf(ParentRunner.java:325)
	at org.junit.runners.BlockJUnit4ClassRunner.runChild(BlockJUnit4ClassRunner.java:78)
	at org.junit.runners.BlockJUnit4ClassRunner.runChild(BlockJUnit4ClassRunner.java:57)
	at org.junit.runners.ParentRunner$3.run(ParentRunner.java:290)
	at org.junit.runners.ParentRunner$1.schedule(ParentRunner.java:71)
	at org.junit.runners.ParentRunner.runChildren(ParentRunner.java:288)
	at org.junit.runners.ParentRunner.access$000(ParentRunner.java:58)
	at org.junit.runners.ParentRunner$2.evaluate(ParentRunner.java:268)
	at org.junit.runners.ParentRunner.run(ParentRunner.java:363)
	at org.gradle.api.internal.tasks.testing.junit.JUnitTestClassExecutor.runTestClass(JUnitTestClassExecutor.java:110)
	at org.gradle.api.internal.tasks.testing.junit.JUnitTestClassExecutor.execute(JUnitTestClassExecutor.java:58)
	at org.gradle.api.internal.tasks.testing.junit.JUnitTestClassExecutor.execute(JUnitTestClassExecutor.java:38)
	at org.gradle.api.internal.tasks.testing.junit.AbstractJUnitTestClassProcessor.processTestClass(AbstractJUnitTestClassProcessor.java:62)
	at org.gradle.api.internal.tasks.testing.SuiteTestClassProcessor.processTestClass(SuiteTestClassProcessor.java:51)
	at sun.reflect.NativeMethodAccessorImpl.invoke0(Native Method)
	at sun.reflect.NativeMethodAccessorImpl.invoke(NativeMethodAccessorImpl.java:62)
	at sun.reflect.DelegatingMethodAccessorImpl.invoke(DelegatingMethodAccessorImpl.java:43)
	at java.lang.reflect.Method.invoke(Method.java:498)
	at org.gradle.internal.dispatch.ReflectionDispatch.dispatch(ReflectionDispatch.java:36)
	at org.gradle.internal.dispatch.ReflectionDispatch.dispatch(ReflectionDispatch.java:24)
	at org.gradle.internal.dispatch.ContextClassLoaderDispatch.dispatch(ContextClassLoaderDispatch.java:33)
	at org.gradle.internal.dispatch.ProxyDispatchAdapter$DispatchingInvocationHandler.invoke(ProxyDispatchAdapter.java:94)
	at com.sun.proxy.$Proxy2.processTestClass(Unknown Source)
	at org.gradle.api.internal.tasks.testing.worker.TestWorker.processTestClass(TestWorker.java:118)
	at sun.reflect.NativeMethodAccessorImpl.invoke0(Native Method)
	at sun.reflect.NativeMethodAccessorImpl.invoke(NativeMethodAccessorImpl.java:62)
	at sun.reflect.DelegatingMethodAccessorImpl.invoke(DelegatingMethodAccessorImpl.java:43)
	at java.lang.reflect.Method.invoke(Method.java:498)
	at org.gradle.internal.dispatch.ReflectionDispatch.dispatch(ReflectionDispatch.java:36)
	at org.gradle.internal.dispatch.ReflectionDispatch.dispatch(ReflectionDispatch.java:24)
	at org.gradle.internal.remote.internal.hub.MessageHubBackedObjectConnection$DispatchWrapper.dispatch(MessageHubBackedObjectConnection.java:182)
	at org.gradle.internal.remote.internal.hub.MessageHubBackedObjectConnection$DispatchWrapper.dispatch(MessageHubBackedObjectConnection.java:164)
	at org.gradle.internal.remote.internal.hub.MessageHub$Handler.run(MessageHub.java:412)
	at org.gradle.internal.concurrent.ExecutorPolicy$CatchAndRecordFailures.onExecute(ExecutorPolicy.java:64)
	at org.gradle.internal.concurrent.ManagedExecutorImpl$1.run(ManagedExecutorImpl.java:48)
	at java.util.concurrent.ThreadPoolExecutor.runWorker(ThreadPoolExecutor.java:1149)
	at java.util.concurrent.ThreadPoolExecutor$Worker.run(ThreadPoolExecutor.java:624)
	at org.gradle.internal.concurrent.ThreadFactoryImpl$ManagedThreadRunnable.run(ThreadFactoryImpl.java:56)
	at java.lang.Thread.run(Thread.java:748)
</failure>
  </testcase>
  <system-out><![CDATA[]]></system-out>
  <system-err><![CDATA[Nov 08, 2021 5:26:54 PM org.glassfish.jersey.test.grizzly.GrizzlyTestContainerFactory$GrizzlyTestContainer <init>
INFO: Creating GrizzlyTestContainer configured at the base URI http://localhost:9998/
Nov 08, 2021 5:26:54 PM org.glassfish.grizzly.http.server.NetworkListener start
INFO: Started listener bound to [localhost:9998]
Nov 08, 2021 5:26:54 PM org.glassfish.grizzly.http.server.HttpServer start
INFO: [HttpServer] Started.
Nov 08, 2021 5:26:54 PM org.glassfish.jersey.internal.Errors logErrors
WARNING: The following warnings have been detected: WARNING: Unknown HK2 failure detected:
MultiException stack 1 of 3
org.glassfish.hk2.api.UnsatisfiedDependencyException: There was no object available for injection at SystemInjecteeImpl(requiredType=VehicleService,parent=VehicleResource,qualifiers={},position=0,optional=false,self=false,unqualified=null,138849608)
	at org.jvnet.hk2.internal.ThreeThirtyResolver.resolve(ThreeThirtyResolver.java:74)
	at org.jvnet.hk2.internal.ClazzCreator.resolve(ClazzCreator.java:214)
	at org.jvnet.hk2.internal.ClazzCreator.resolveAllDependencies(ClazzCreator.java:231)
	at org.jvnet.hk2.internal.ClazzCreator.create(ClazzCreator.java:360)
	at org.jvnet.hk2.internal.SystemDescriptor.create(SystemDescriptor.java:470)
	at org.glassfish.jersey.process.internal.RequestScope.findOrCreate(RequestScope.java:162)
	at org.jvnet.hk2.internal.Utilities.createService(Utilities.java:2065)
	at org.jvnet.hk2.internal.ServiceLocatorImpl.internalGetService(ServiceLocatorImpl.java:761)
	at org.jvnet.hk2.internal.ServiceLocatorImpl.getService(ServiceLocatorImpl.java:700)
	at org.glassfish.jersey.internal.inject.Injections.getOrCreate(Injections.java:169)
	at org.glassfish.jersey.server.model.MethodHandler$ClassBasedMethodHandler.getInstance(MethodHandler.java:185)
	at org.glassfish.jersey.server.internal.routing.PushMethodHandlerRouter.apply(PushMethodHandlerRouter.java:74)
	at org.glassfish.jersey.server.internal.routing.RoutingStage._apply(RoutingStage.java:109)
	at org.glassfish.jersey.server.internal.routing.RoutingStage._apply(RoutingStage.java:112)
	at org.glassfish.jersey.server.internal.routing.RoutingStage._apply(RoutingStage.java:112)
	at org.glassfish.jersey.server.internal.routing.RoutingStage._apply(RoutingStage.java:112)
	at org.glassfish.jersey.server.internal.routing.RoutingStage._apply(RoutingStage.java:112)
	at org.glassfish.jersey.server.internal.routing.RoutingStage.apply(RoutingStage.java:92)
	at org.glassfish.jersey.server.internal.routing.RoutingStage.apply(RoutingStage.java:61)
	at org.glassfish.jersey.process.internal.Stages.process(Stages.java:197)
	at org.glassfish.jersey.server.ServerRuntime$2.run(ServerRuntime.java:300)
	at org.glassfish.jersey.internal.Errors$1.call(Errors.java:271)
	at org.glassfish.jersey.internal.Errors$1.call(Errors.java:267)
	at org.glassfish.jersey.internal.Errors.process(Errors.java:315)
	at org.glassfish.jersey.internal.Errors.process(Errors.java:297)
	at org.glassfish.jersey.internal.Errors.process(Errors.java:267)
	at org.glassfish.jersey.process.internal.RequestScope.runInScope(RequestScope.java:317)
	at org.glassfish.jersey.server.ServerRuntime.process(ServerRuntime.java:291)
	at org.glassfish.jersey.server.ApplicationHandler.handle(ApplicationHandler.java:1140)
	at org.glassfish.jersey.grizzly2.httpserver.GrizzlyHttpContainer.service(GrizzlyHttpContainer.java:375)
	at org.glassfish.grizzly.http.server.HttpHandler$1.run(HttpHandler.java:224)
	at org.glassfish.grizzly.threadpool.AbstractThreadPool$Worker.doWork(AbstractThreadPool.java:565)
	at org.glassfish.grizzly.threadpool.AbstractThreadPool$Worker.run(AbstractThreadPool.java:545)
	at java.lang.Thread.run(Thread.java:748)
MultiException stack 2 of 3
java.lang.IllegalArgumentException: While attempting to resolve the dependencies of com.fretron.resources.VehicleResource errors were found
	at org.jvnet.hk2.internal.ClazzCreator.resolveAllDependencies(ClazzCreator.java:249)
	at org.jvnet.hk2.internal.ClazzCreator.create(ClazzCreator.java:360)
	at org.jvnet.hk2.internal.SystemDescriptor.create(SystemDescriptor.java:470)
	at org.glassfish.jersey.process.internal.RequestScope.findOrCreate(RequestScope.java:162)
	at org.jvnet.hk2.internal.Utilities.createService(Utilities.java:2065)
	at org.jvnet.hk2.internal.ServiceLocatorImpl.internalGetService(ServiceLocatorImpl.java:761)
	at org.jvnet.hk2.internal.ServiceLocatorImpl.getService(ServiceLocatorImpl.java:700)
	at org.glassfish.jersey.internal.inject.Injections.getOrCreate(Injections.java:169)
	at org.glassfish.jersey.server.model.MethodHandler$ClassBasedMethodHandler.getInstance(MethodHandler.java:185)
	at org.glassfish.jersey.server.internal.routing.PushMethodHandlerRouter.apply(PushMethodHandlerRouter.java:74)
	at org.glassfish.jersey.server.internal.routing.RoutingStage._apply(RoutingStage.java:109)
	at org.glassfish.jersey.server.internal.routing.RoutingStage._apply(RoutingStage.java:112)
	at org.glassfish.jersey.server.internal.routing.RoutingStage._apply(RoutingStage.java:112)
	at org.glassfish.jersey.server.internal.routing.RoutingStage._apply(RoutingStage.java:112)
	at org.glassfish.jersey.server.internal.routing.RoutingStage._apply(RoutingStage.java:112)
	at org.glassfish.jersey.server.internal.routing.RoutingStage.apply(RoutingStage.java:92)
	at org.glassfish.jersey.server.internal.routing.RoutingStage.apply(RoutingStage.java:61)
	at org.glassfish.jersey.process.internal.Stages.process(Stages.java:197)
	at org.glassfish.jersey.server.ServerRuntime$2.run(ServerRuntime.java:300)
	at org.glassfish.jersey.internal.Errors$1.call(Errors.java:271)
	at org.glassfish.jersey.internal.Errors$1.call(Errors.java:267)
	at org.glassfish.jersey.internal.Errors.process(Errors.java:315)
	at org.glassfish.jersey.internal.Errors.process(Errors.java:297)
	at org.glassfish.jersey.internal.Errors.process(Errors.java:267)
	at org.glassfish.jersey.process.internal.RequestScope.runInScope(RequestScope.java:317)
	at org.glassfish.jersey.server.ServerRuntime.process(ServerRuntime.java:291)
	at org.glassfish.jersey.server.ApplicationHandler.handle(ApplicationHandler.java:1140)
	at org.glassfish.jersey.grizzly2.httpserver.GrizzlyHttpContainer.service(GrizzlyHttpContainer.java:375)
	at org.glassfish.grizzly.http.server.HttpHandler$1.run(HttpHandler.java:224)
	at org.glassfish.grizzly.threadpool.AbstractThreadPool$Worker.doWork(AbstractThreadPool.java:565)
	at org.glassfish.grizzly.threadpool.AbstractThreadPool$Worker.run(AbstractThreadPool.java:545)
	at java.lang.Thread.run(Thread.java:748)
MultiException stack 3 of 3
java.lang.IllegalStateException: Unable to perform operation: resolve on com.fretron.resources.VehicleResource
	at org.jvnet.hk2.internal.ClazzCreator.create(ClazzCreator.java:389)
	at org.jvnet.hk2.internal.SystemDescriptor.create(SystemDescriptor.java:470)
	at org.glassfish.jersey.process.internal.RequestScope.findOrCreate(RequestScope.java:162)
	at org.jvnet.hk2.internal.Utilities.createService(Utilities.java:2065)
	at org.jvnet.hk2.internal.ServiceLocatorImpl.internalGetService(ServiceLocatorImpl.java:761)
	at org.jvnet.hk2.internal.ServiceLocatorImpl.getService(ServiceLocatorImpl.java:700)
	at org.glassfish.jersey.internal.inject.Injections.getOrCreate(Injections.java:169)
	at org.glassfish.jersey.server.model.MethodHandler$ClassBasedMethodHandler.getInstance(MethodHandler.java:185)
	at org.glassfish.jersey.server.internal.routing.PushMethodHandlerRouter.apply(PushMethodHandlerRouter.java:74)
	at org.glassfish.jersey.server.internal.routing.RoutingStage._apply(RoutingStage.java:109)
	at org.glassfish.jersey.server.internal.routing.RoutingStage._apply(RoutingStage.java:112)
	at org.glassfish.jersey.server.internal.routing.RoutingStage._apply(RoutingStage.java:112)
	at org.glassfish.jersey.server.internal.routing.RoutingStage._apply(RoutingStage.java:112)
	at org.glassfish.jersey.server.internal.routing.RoutingStage._apply(RoutingStage.java:112)
	at org.glassfish.jersey.server.internal.routing.RoutingStage.apply(RoutingStage.java:92)
	at org.glassfish.jersey.server.internal.routing.RoutingStage.apply(RoutingStage.java:61)
	at org.glassfish.jersey.process.internal.Stages.process(Stages.java:197)
	at org.glassfish.jersey.server.ServerRuntime$2.run(ServerRuntime.java:300)
	at org.glassfish.jersey.internal.Errors$1.call(Errors.java:271)
	at org.glassfish.jersey.internal.Errors$1.call(Errors.java:267)
	at org.glassfish.jersey.internal.Errors.process(Errors.java:315)
	at org.glassfish.jersey.internal.Errors.process(Errors.java:297)
	at org.glassfish.jersey.internal.Errors.process(Errors.java:267)
	at org.glassfish.jersey.process.internal.RequestScope.runInScope(RequestScope.java:317)
	at org.glassfish.jersey.server.ServerRuntime.process(ServerRuntime.java:291)
	at org.glassfish.jersey.server.ApplicationHandler.handle(ApplicationHandler.java:1140)
	at org.glassfish.jersey.grizzly2.httpserver.GrizzlyHttpContainer.service(GrizzlyHttpContainer.java:375)
	at org.glassfish.grizzly.http.server.HttpHandler$1.run(HttpHandler.java:224)
	at org.glassfish.grizzly.threadpool.AbstractThreadPool$Worker.doWork(AbstractThreadPool.java:565)
	at org.glassfish.grizzly.threadpool.AbstractThreadPool$Worker.run(AbstractThreadPool.java:545)
	at java.lang.Thread.run(Thread.java:748)


Nov 08, 2021 5:26:54 PM org.glassfish.grizzly.http.server.NetworkListener shutdownNow
INFO: Stopped listener bound to [localhost:9998]
]]></system-err>
</testsuite>
